<?xml version="1.0" encoding="UTF-8"?>
<!-- Generated by org.testng.reporters.JUnitXMLReporter -->
<testsuite ignored="0" hostname="DESKTOP-629M49U" failures="0" tests="6" name="Test" time="0.071" errors="0" timestamp="2019-03-07T13:48:35 EST">
  <testcase classname="qaclickacedemy.SleniumTest" name="BrowserAutomation" time="0.01"/>
  <testcase classname="qaclickacedemy.SleniumTest" name="ElementsUi" time="0.003"/>
  <testcase classname="qaclickacedemy.RESTAPITest" name="DeleteTwitter" time="0.0"/>
  <testcase classname="qaclickacedemy.RESTAPITest" name="PostJira" time="0.0"/>
  <testcase classname="qaclickacedemy.AppiumTest" name="IOSApp" time="0.001"/>
  <testcase classname="qaclickacedemy.AppiumTest" name="NativeAppAndroid" time="0.0"/>
</testsuite> <!-- Test -->
