<?xml version="1.0" encoding="UTF-8"?>
<!-- Generated by org.testng.reporters.JUnitXMLReporter -->
<testsuite ignored="0" hostname="DESKTOP-629M49U" failures="0" tests="4" name="Test" time="6.973" errors="0" timestamp="2019-03-07T14:01:58 EST">
  <testcase classname="qaclickacedemy.SleniumTest" name="BrowserAutomation" time="6.918"/>
  <testcase classname="qaclickacedemy.SleniumTest" name="ElementsUi" time="0.0"/>
  <testcase classname="qaclickacedemy.RESTAPITest" name="DeleteTwitter" time="0.001"/>
  <testcase classname="qaclickacedemy.RESTAPITest" name="PostJira" time="0.0"/>
</testsuite> <!-- Test -->
