<?xml version="1.0" encoding="UTF-8"?>
<testng-results ignored="0" total="4" passed="4" failed="0" skipped="0">
  <reporter-output>
  </reporter-output>
  <suite started-at="2019-03-07T14:01:51 EST" name="Smoke" finished-at="2019-03-07T14:01:58 EST" duration-ms="6973">
    <groups>
    </groups>
    <test started-at="2019-03-07T14:01:51 EST" name="Test" finished-at="2019-03-07T14:01:58 EST" duration-ms="6973">
      <class name="qaclickacedemy.SleniumTest">
        <test-method signature="BrowserAutomation()[pri:0, instance:qaclickacedemy.SleniumTest@22ff4249]" started-at="2019-03-07T14:01:51 EST" name="BrowserAutomation" finished-at="2019-03-07T14:01:58 EST" duration-ms="6918" status="PASS">
          <reporter-output>
          </reporter-output>
        </test-method> <!-- BrowserAutomation -->
        <test-method signature="ElementsUi()[pri:0, instance:qaclickacedemy.SleniumTest@22ff4249]" started-at="2019-03-07T14:01:58 EST" name="ElementsUi" finished-at="2019-03-07T14:01:58 EST" duration-ms="0" status="PASS">
          <reporter-output>
          </reporter-output>
        </test-method> <!-- ElementsUi -->
      </class> <!-- qaclickacedemy.SleniumTest -->
      <class name="qaclickacedemy.RESTAPITest">
        <test-method signature="DeleteTwitter()[pri:0, instance:qaclickacedemy.RESTAPITest@2d1ef81a]" started-at="2019-03-07T14:01:58 EST" name="DeleteTwitter" finished-at="2019-03-07T14:01:58 EST" duration-ms="1" status="PASS">
          <reporter-output>
          </reporter-output>
        </test-method> <!-- DeleteTwitter -->
        <test-method signature="PostJira()[pri:0, instance:qaclickacedemy.RESTAPITest@2d1ef81a]" started-at="2019-03-07T14:01:58 EST" name="PostJira" finished-at="2019-03-07T14:01:58 EST" duration-ms="0" status="PASS">
          <reporter-output>
          </reporter-output>
        </test-method> <!-- PostJira -->
      </class> <!-- qaclickacedemy.RESTAPITest -->
    </test> <!-- Test -->
  </suite> <!-- Smoke -->
</testng-results>
